[104月2026 01:48:07.440] [main/INFO] [cpw.mods.modlauncher.Launcher/MODLAUNCHER]: ModLauncher running: args [--mod, examplemod, --all, --output, E:\minecraft_create_mods_IDEA\MDK-1.21.1-NeoGradle-main\src\generated\resources, --existing, E:\minecraft_create_mods_IDEA\MDK-1.21.1-NeoGradle-main\src\main\resources, --launchTarget, forgedatadev, --assetIndex, asset-index, --assetsDir, C:\Users\PC\.gradle\caches\minecraft\assets, --gameDir, ., --fml.fmlVersion, 4.0.42, --fml.mcVersion, 1.21.1, --fml.neoForgeVersion, 21.1.222, --fml.neoFormVersion, 20240808.144430]
[104月2026 01:48:07.455] [main/INFO] [cpw.mods.modlauncher.Launcher/MODLAUNCHER]: JVM identified as Oracle Corporation Java HotSpot(TM) 64-Bit Server VM 21.0.9+7-LTS-338
[104月2026 01:48:07.464] [main/INFO] [cpw.mods.modlauncher.Launcher/MODLAUNCHER]: ModLauncher 11.0.5+main.901c6ea8 starting: java version 21.0.9 by Oracle Corporation; OS Windows 11 arch amd64 version 10.0
[104月2026 01:48:08.031] [main/INFO] [net.neoforged.fml.loading.ImmediateWindowHandler/]: ImmediateWindowProvider not loading because launch target is forgedatadev
[104月2026 01:48:08.216] [main/INFO] [mixin/]: SpongePowered MIXIN Subsystem Version=0.8.7 Source=union:/C:/Users/PC/.gradle/caches/modules-2/files-2.1/net.fabricmc/sponge-mixin/0.15.2+mixin.0.8.7/2af2f021d8e02a0220dc27a7a72b4666d66d44ca/sponge-mixin-0.15.2+mixin.0.8.7.jar%23142!/ Service=ModLauncher Env=CLIENT
[104月2026 01:48:08.386] [main/INFO] [net.neoforged.fml.loading.moddiscovery.ModDiscoverer/SCAN]: Found mod file "neoforge-21.1.222.jar" [locator: neoforge devenv provider ([E:\minecraft_create_mods_IDEA\MDK-1.21.1-NeoGradle-main\.gradle\repositories\ng_dummy_ng\net\neoforged\neoforge\21.1.222\neoforge-21.1.222.jar])]
[104月2026 01:48:08.420] [main/INFO] [net.neoforged.fml.loading.moddiscovery.ModDiscoverer/SCAN]: Found mod file "neoforge-21.1.222.jar" [locator: neoforge devenv provider ([E:\minecraft_create_mods_IDEA\MDK-1.21.1-NeoGradle-main\.gradle\repositories\ng_dummy_ng\net\neoforged\neoforge\21.1.222\neoforge-21.1.222.jar])]
[104月2026 01:48:08.437] [main/INFO] [net.neoforged.fml.loading.moddiscovery.ModDiscoverer/SCAN]: Found mod file "main" [locator: userdev mods and services, reader: mod manifest]
[104月2026 01:48:08.449] [main/INFO] [net.neoforged.fml.loading.moddiscovery.ModDiscoverer/SCAN]: Found mod file "geckolib-neoforge-1.21.1-4.8.4.jar" [locator: userdev mods and services, reader: mod manifest]
[104月2026 01:48:08.462] [main/INFO] [net.neoforged.fml.loading.moddiscovery.ModDiscoverer/SCAN]: Found mod file "neoforge-21.1.222.jar" [locator: userdev mods and services, reader: mod manifest]
[104月2026 01:48:08.572] [main/INFO] [net.neoforged.fml.loading.moddiscovery.ModDiscoverer/SCAN]: Found gamelibrary file "mixinextras-neoforge-0.5.3.jar" [locator: userdev mods and services, reader: mod manifest]
[104月2026 01:48:08.707] [main/WARN] [net.neoforged.jarjar.selection.JarSelector/]: Attempted to select a dependency jar for JarJar which was passed in as source: library:mixinextras.neoforge. Using Mod File: C:\Users\PC\.gradle\caches\modules-2\files-2.1\io.github.llamalad7\mixinextras-neoforge\0.5.3\a0919957808de97707c5fb4ce073e66aeef3e187\mixinextras-neoforge-0.5.3.jar
[104月2026 01:48:08.707] [main/INFO] [net.neoforged.fml.loading.moddiscovery.locators.JarInJarDependencyLocator/]: Found 1 dependencies adding them to mods collection
[104月2026 01:48:08.707] [main/INFO] [net.neoforged.fml.loading.moddiscovery.ModDiscoverer/SCAN]: Found library file "net.neoforged.neoforge-coremods-21.1.222.jar" [parent: neoforge-21.1.222.jar, locator: jarinjar, reader: mod manifest]
[104月2026 01:48:08.711] [main/INFO] [net.neoforged.fml.loading.moddiscovery.ModDiscoverer/]: 
     Mod List:
		Name Version (Mod Id)

		GeckoLib 4 4.8.4 (geckolib)
		Minecraft 1.21.1 (minecraft)
		Mofus Better End 1.0.0 (mofus_better_end_)
		NeoForge 21.1.222 (neoforge)
[104月2026 01:48:09.931] [main/INFO] [mixin/]: Compatibility level set to JAVA_17
[104月2026 01:48:09.945] [main/INFO] [cpw.mods.modlauncher.LaunchServiceHandler/MODLAUNCHER]: Launching target 'forgedatadev' with arguments [--gameDir, ., --assetsDir, C:\Users\PC\.gradle\caches\minecraft\assets, --mod, examplemod, --all, --output, E:\minecraft_create_mods_IDEA\MDK-1.21.1-NeoGradle-main\src\generated\resources, --existing, E:\minecraft_create_mods_IDEA\MDK-1.21.1-NeoGradle-main\src\main\resources, --assetIndex, asset-index]
[104月2026 01:48:10.275] [main/WARN] [mixin/]: Reference map 'geckolib.refmap.json' for geckolib.mixins.json could not be read. If this is a development environment you can ignore this message
[104月2026 01:48:12.277] [main/INFO] [net.neoforged.neoforge.data.loading.DatagenModLoader/]: Initializing Data Gatherer for mods [examplemod]
[104月2026 01:48:12.331] [main/INFO] [MixinExtras|Service/]: Initializing MixinExtras via com.llamalad7.mixinextras.service.MixinExtrasServiceImpl(version=0.5.3).
