[104月2026 02:45:57.341] [main/INFO] [cpw.mods.modlauncher.Launcher/MODLAUNCHER]: ModLauncher running: args [--launchTarget, forgeclientdev, --version, 21.1.222, --assetIndex, asset-index, --assetsDir, C:\Users\PC\.gradle\caches\minecraft\assets, --gameDir, ., --fml.fmlVersion, 4.0.42, --fml.mcVersion, 1.21.1, --fml.neoForgeVersion, 21.1.222, --fml.neoFormVersion, 20240808.144430]
[104月2026 02:45:57.347] [main/INFO] [cpw.mods.modlauncher.Launcher/MODLAUNCHER]: JVM identified as Oracle Corporation Java HotSpot(TM) 64-Bit Server VM 21.0.9+7-LTS-338
[104月2026 02:45:57.350] [main/INFO] [cpw.mods.modlauncher.Launcher/MODLAUNCHER]: ModLauncher 11.0.5+main.901c6ea8 starting: java version 21.0.9 by Oracle Corporation; OS Windows 11 arch amd64 version 10.0
[104月2026 02:45:57.593] [main/INFO] [net.neoforged.fml.loading.ImmediateWindowHandler/]: Loading ImmediateWindowProvider fmlearlywindow
[104月2026 02:45:57.863] [main/INFO] [EARLYDISPLAY/]: Trying GL version 4.6
[104月2026 02:45:58.403] [main/INFO] [EARLYDISPLAY/]: Requested GL version 4.6 got version 4.6
[104月2026 02:45:58.604] [main/INFO] [mixin/]: SpongePowered MIXIN Subsystem Version=0.8.7 Source=union:/C:/Users/PC/.gradle/caches/modules-2/files-2.1/net.fabricmc/sponge-mixin/0.15.2+mixin.0.8.7/2af2f021d8e02a0220dc27a7a72b4666d66d44ca/sponge-mixin-0.15.2+mixin.0.8.7.jar%23142!/ Service=ModLauncher Env=CLIENT
[104月2026 02:45:58.840] [main/INFO] [net.neoforged.fml.loading.moddiscovery.ModDiscoverer/SCAN]: Found mod file "neoforge-21.1.222.jar" [locator: neoforge devenv provider ([E:\minecraft_create_mods_IDEA\MDK-1.21.1-NeoGradle-main\.gradle\repositories\ng_dummy_ng\net\neoforged\neoforge\21.1.222\neoforge-21.1.222.jar])]
[104月2026 02:45:58.869] [main/INFO] [net.neoforged.fml.loading.moddiscovery.ModDiscoverer/SCAN]: Found mod file "neoforge-21.1.222.jar" [locator: neoforge devenv provider ([E:\minecraft_create_mods_IDEA\MDK-1.21.1-NeoGradle-main\.gradle\repositories\ng_dummy_ng\net\neoforged\neoforge\21.1.222\neoforge-21.1.222.jar])]
[104月2026 02:45:58.885] [main/INFO] [net.neoforged.fml.loading.moddiscovery.ModDiscoverer/SCAN]: Found mod file "main" [locator: userdev mods and services, reader: mod manifest]
[104月2026 02:45:58.893] [main/INFO] [net.neoforged.fml.loading.moddiscovery.ModDiscoverer/SCAN]: Found mod file "geckolib-neoforge-1.21.1-4.8.4.jar" [locator: userdev mods and services, reader: mod manifest]
[104月2026 02:45:58.903] [main/INFO] [net.neoforged.fml.loading.moddiscovery.ModDiscoverer/SCAN]: Found mod file "neoforge-21.1.222.jar" [locator: userdev mods and services, reader: mod manifest]
[104月2026 02:45:58.950] [pool-2-thread-1/INFO] [EARLYDISPLAY/]: GL info: NVIDIA GeForce RTX 4060 Laptop GPU/PCIe/SSE2 GL version 4.6.0 NVIDIA 581.83, NVIDIA Corporation
[104月2026 02:45:58.979] [main/INFO] [net.neoforged.fml.loading.moddiscovery.ModDiscoverer/SCAN]: Found gamelibrary file "mixinextras-neoforge-0.5.3.jar" [locator: userdev mods and services, reader: mod manifest]
[104月2026 02:45:59.411] [main/WARN] [net.neoforged.jarjar.selection.JarSelector/]: Attempted to select a dependency jar for JarJar which was passed in as source: library:mixinextras.neoforge. Using Mod File: C:\Users\PC\.gradle\caches\modules-2\files-2.1\io.github.llamalad7\mixinextras-neoforge\0.5.3\a0919957808de97707c5fb4ce073e66aeef3e187\mixinextras-neoforge-0.5.3.jar
[104月2026 02:45:59.411] [main/INFO] [net.neoforged.fml.loading.moddiscovery.locators.JarInJarDependencyLocator/]: Found 1 dependencies adding them to mods collection
[104月2026 02:45:59.412] [main/INFO] [net.neoforged.fml.loading.moddiscovery.ModDiscoverer/SCAN]: Found library file "net.neoforged.neoforge-coremods-21.1.222.jar" [parent: neoforge-21.1.222.jar, locator: jarinjar, reader: mod manifest]
[104月2026 02:45:59.415] [main/INFO] [net.neoforged.fml.loading.moddiscovery.ModDiscoverer/]: 
     Mod List:
		Name Version (Mod Id)

		GeckoLib 4 4.8.4 (geckolib)
		Minecraft 1.21.1 (minecraft)
		Mofus Better End 1.0.0 (mofus_better_end_)
		NeoForge 21.1.222 (neoforge)
[104月2026 02:46:00.905] [main/INFO] [mixin/]: Compatibility level set to JAVA_17
[104月2026 02:46:00.913] [main/INFO] [cpw.mods.modlauncher.LaunchServiceHandler/MODLAUNCHER]: Launching target 'forgeclientdev' with arguments [--version, 21.1.222, --gameDir, ., --assetsDir, C:\Users\PC\.gradle\caches\minecraft\assets, --assetIndex, asset-index]
[104月2026 02:46:01.091] [main/WARN] [mixin/]: Reference map 'geckolib.refmap.json' for geckolib.mixins.json could not be read. If this is a development environment you can ignore this message
[104月2026 02:46:05.341] [Datafixer Bootstrap/INFO] [com.mojang.datafixers.DataFixerBuilder/]: 229 Datafixer optimizations took 509 milliseconds
[104月2026 02:46:05.900] [pool-8-thread-1/INFO] [MixinExtras|Service/]: Initializing MixinExtras via com.llamalad7.mixinextras.service.MixinExtrasServiceImpl(version=0.5.3).
[104月2026 02:46:14.082] [main/WARN] [net.minecraft.commands.Commands/]: Ambiguity between arguments [teleport, location] and [teleport, destination] with inputs: [0.1 -0.5 .9, 0 0 0]
[104月2026 02:46:14.083] [main/WARN] [net.minecraft.commands.Commands/]: Ambiguity between arguments [teleport, location] and [teleport, targets] with inputs: [0.1 -0.5 .9, 0 0 0]
[104月2026 02:46:14.087] [main/WARN] [net.minecraft.commands.Commands/]: Ambiguity between arguments [teleport, destination] and [teleport, targets] with inputs: [Player, 0123, @e, dd12be42-52a9-4a91-a8a1-11c01849e498]
[104月2026 02:46:14.088] [main/WARN] [net.minecraft.commands.Commands/]: Ambiguity between arguments [teleport, targets] and [teleport, destination] with inputs: [Player, 0123, dd12be42-52a9-4a91-a8a1-11c01849e498]
[104月2026 02:46:14.089] [main/WARN] [net.minecraft.commands.Commands/]: Ambiguity between arguments [teleport, targets, location] and [teleport, targets, destination] with inputs: [0.1 -0.5 .9, 0 0 0]
[104月2026 02:46:14.250] [Render thread/WARN] [net.minecraft.server.packs.VanillaPackResourcesBuilder/]: Assets URL 'union:/E:/minecraft_create_mods_IDEA/MDK-1.21.1-NeoGradle-main/.gradle/repositories/ng_dummy_ng/net/neoforged/neoforge/21.1.222/neoforge-21.1.222.jar%23195!/assets/.mcassetsroot' uses unexpected schema
[104月2026 02:46:14.251] [Render thread/WARN] [net.minecraft.server.packs.VanillaPackResourcesBuilder/]: Assets URL 'union:/E:/minecraft_create_mods_IDEA/MDK-1.21.1-NeoGradle-main/.gradle/repositories/ng_dummy_ng/net/neoforged/neoforge/21.1.222/neoforge-21.1.222.jar%23195!/data/.mcassetsroot' uses unexpected schema
[104月2026 02:46:14.350] [Render thread/INFO] [com.mojang.authlib.yggdrasil.YggdrasilAuthenticationService/]: Environment: Environment[sessionHost=https://sessionserver.mojang.com, servicesHost=https://api.minecraftservices.com, name=PROD]
[104月2026 02:46:14.361] [Render thread/INFO] [net.minecraft.client.Minecraft/]: Setting user: Dev
[104月2026 02:46:14.508] [Render thread/INFO] [net.minecraft.client.Minecraft/]: Backend library: LWJGL version 3.3.3+5
[104月2026 02:46:14.846] [modloading-worker-0/INFO] [net.neoforged.neoforge.common.NeoForgeMod/NEOFORGE-MOD]: NeoForge mod loading, version 21.1.222, for MC 1.21.1
[104月2026 02:46:16.234] [Render thread/INFO] [net.neoforged.neoforge.gametest.GameTestHooks/]: Enabled Gametest Namespaces: [examplemod]
[104月2026 02:46:16.660] [Render thread/INFO] [net.minecraft.server.packs.resources.ReloadableResourceManager/]: Reloading ResourceManager: vanilla, mod_resources, mod/geckolib, mod/mofus_better_end_, mod/neoforge
[104月2026 02:46:17.249] [Worker-Main-14/INFO] [net.minecraft.client.gui.font.providers.UnihexProvider/]: Found unifont_all_no_pua-15.1.05.hex, loading
[104月2026 02:46:17.249] [Worker-Main-18/INFO] [net.minecraft.client.gui.font.providers.UnihexProvider/]: Found unifont_jp_patch-15.1.05.hex, loading
[104月2026 02:46:18.113] [Worker-Main-23/WARN] [net.minecraft.client.resources.model.ModelBakery/]: Unable to load model: 'mofus_better_end_:displaysettings/clocktowerbell.item' referenced from: mofus_better_end_:custom/mech_creation_station_particle: java.io.FileNotFoundException: mofus_better_end_:models/displaysettings/clocktowerbell.item.json
[104月2026 02:46:18.116] [Worker-Main-23/WARN] [net.minecraft.client.resources.model.ModelBakery/]: Unable to load model: 'mofus_better_end_:item/nautilus_sub_blueprint' referenced from: mofus_better_end_:item/nautilus_sub_blueprint: java.io.FileNotFoundException: mofus_better_end_:models/item/nautilus_sub_blueprint.json
[104月2026 02:46:18.119] [Worker-Main-23/WARN] [net.minecraft.client.resources.model.ModelBakery/]: Unable to load model: 'mofus_better_end_:item/nautilus_thruster' referenced from: mofus_better_end_:item/nautilus_thruster: java.io.FileNotFoundException: mofus_better_end_:models/item/nautilus_thruster.json
[104月2026 02:46:18.121] [Worker-Main-23/WARN] [net.minecraft.client.resources.model.ModelBakery/]: Unable to load model: 'mofus_better_end_:item/titanium_ingot' referenced from: mofus_better_end_:item/titanium_ingot: java.io.FileNotFoundException: mofus_better_end_:models/item/titanium_ingot.json
[104月2026 02:46:18.797] [Worker-Main-23/WARN] [net.minecraft.client.resources.model.ModelManager/]: Missing textures in model mofus_better_end_:mech_creation_station#inventory:
    minecraft:textures/atlas/blocks.png:mofus_better_end_:item/station
[104月2026 02:46:18.797] [Worker-Main-23/WARN] [net.minecraft.client.resources.model.ModelManager/]: Missing textures in model mofus_better_end_:mech_creation_station#animation=0:
    minecraft:textures/atlas/blocks.png:mofus_better_end_:block/titaniumblock
[104月2026 02:46:19.564] [Render thread/WARN] [net.minecraft.client.sounds.SoundEngine/]: Missing sound for event: minecraft:item.goat_horn.play
[104月2026 02:46:19.564] [Render thread/WARN] [net.minecraft.client.sounds.SoundEngine/]: Missing sound for event: minecraft:entity.goat.screaming.horn_break
[104月2026 02:46:20.080] [Render thread/INFO] [com.mojang.blaze3d.audio.Library/]: OpenAL initialized on device OpenAL Soft on Headphone (2- Realtek(R) Audio)
[104月2026 02:46:20.081] [Render thread/INFO] [net.minecraft.client.sounds.SoundEngine/SOUNDS]: Sound engine started
[104月2026 02:46:20.191] [Render thread/INFO] [net.minecraft.client.renderer.texture.TextureAtlas/]: Created: 1024x1024x4 minecraft:textures/atlas/blocks.png-atlas
[104月2026 02:46:20.200] [Render thread/INFO] [net.minecraft.client.renderer.texture.TextureAtlas/]: Created: 256x256x4 minecraft:textures/atlas/signs.png-atlas
[104月2026 02:46:20.201] [Render thread/INFO] [net.minecraft.client.renderer.texture.TextureAtlas/]: Created: 512x512x4 minecraft:textures/atlas/shield_patterns.png-atlas
[104月2026 02:46:20.201] [Render thread/INFO] [net.minecraft.client.renderer.texture.TextureAtlas/]: Created: 512x512x4 minecraft:textures/atlas/banner_patterns.png-atlas
[104月2026 02:46:20.202] [Render thread/INFO] [net.minecraft.client.renderer.texture.TextureAtlas/]: Created: 1024x1024x4 minecraft:textures/atlas/armor_trims.png-atlas
[104月2026 02:46:20.205] [Render thread/INFO] [net.minecraft.client.renderer.texture.TextureAtlas/]: Created: 256x256x4 minecraft:textures/atlas/chest.png-atlas
[104月2026 02:46:20.205] [Render thread/INFO] [net.minecraft.client.renderer.texture.TextureAtlas/]: Created: 128x64x4 minecraft:textures/atlas/decorated_pot.png-atlas
[104月2026 02:46:20.206] [Render thread/INFO] [net.minecraft.client.renderer.texture.TextureAtlas/]: Created: 512x256x4 minecraft:textures/atlas/beds.png-atlas
[104月2026 02:46:20.206] [Render thread/INFO] [net.minecraft.client.renderer.texture.TextureAtlas/]: Created: 512x256x4 minecraft:textures/atlas/shulker_boxes.png-atlas
[104月2026 02:46:20.293] [Render thread/INFO] [net.minecraft.client.renderer.texture.TextureAtlas/]: Created: 512x256x0 minecraft:textures/atlas/particles.png-atlas
[104月2026 02:46:20.297] [Render thread/INFO] [net.minecraft.client.renderer.texture.TextureAtlas/]: Created: 512x256x0 minecraft:textures/atlas/paintings.png-atlas
[104月2026 02:46:20.297] [Render thread/INFO] [net.minecraft.client.renderer.texture.TextureAtlas/]: Created: 256x128x0 minecraft:textures/atlas/mob_effects.png-atlas
[104月2026 02:46:20.297] [Render thread/INFO] [net.minecraft.client.renderer.texture.TextureAtlas/]: Created: 64x64x0 minecraft:textures/atlas/map_decorations.png-atlas
[104月2026 02:46:20.298] [Render thread/INFO] [net.minecraft.client.renderer.texture.TextureAtlas/]: Created: 1024x512x0 minecraft:textures/atlas/gui.png-atlas
[104月2026 02:46:20.333] [Render thread/WARN] [net.minecraft.client.renderer.ShaderInstance/]: Shader rendertype_entity_translucent_emissive could not find sampler named Sampler2 in the specified shader program.
[104月2026 02:46:20.448] [Render thread/INFO] [net.neoforged.neoforge.client.entity.animation.json.AnimationLoader/]: Loaded 0 entity animations
[104月2026 02:46:25.781] [Render thread/INFO] [net.minecraft.client.Minecraft/]: Stopping!
